[debug] [2023-08-18T15:17:28.633Z] ----------------------------------------------------------------------
[debug] [2023-08-18T15:17:28.634Z] Command:       C:\Program Files\nodejs\node.exe C:\Program Files\nodejs\node_modules\firebase-tools\lib\bin\firebase.js deploy --only hosting --debug
[debug] [2023-08-18T15:17:28.635Z] CLI Version:   12.4.7
[debug] [2023-08-18T15:17:28.635Z] Platform:      win32
[debug] [2023-08-18T15:17:28.635Z] Node Version:  v16.18.1
[debug] [2023-08-18T15:17:28.636Z] Time:          Fri Aug 18 2023 11:17:28 GMT-0400 (Eastern Daylight Time)
[debug] [2023-08-18T15:17:28.636Z] ----------------------------------------------------------------------
[debug] 
[debug] [2023-08-18T15:17:28.693Z] > command requires scopes: ["email","openid","https://www.googleapis.com/auth/cloudplatformprojects.readonly","https://www.googleapis.com/auth/firebase","https://www.googleapis.com/auth/cloud-platform"]
[debug] [2023-08-18T15:17:28.694Z] > authorizing via signed-in user (chriskohler2020@gmail.com)
[debug] [2023-08-18T15:17:28.695Z] [iam] checking project electionprediction-2659c for permissions ["firebase.projects.get","firebasehosting.sites.update"]
[debug] [2023-08-18T15:17:28.697Z] >>> [apiv2][query] POST https://cloudresourcemanager.googleapis.com/v1/projects/electionprediction-2659c:testIamPermissions [none]
[debug] [2023-08-18T15:17:28.697Z] >>> [apiv2][(partial)header] POST https://cloudresourcemanager.googleapis.com/v1/projects/electionprediction-2659c:testIamPermissions x-goog-quota-user=projects/electionprediction-2659c
[debug] [2023-08-18T15:17:28.697Z] >>> [apiv2][body] POST https://cloudresourcemanager.googleapis.com/v1/projects/electionprediction-2659c:testIamPermissions {"permissions":["firebase.projects.get","firebasehosting.sites.update"]}
[debug] [2023-08-18T15:17:28.865Z] <<< [apiv2][status] POST https://cloudresourcemanager.googleapis.com/v1/projects/electionprediction-2659c:testIamPermissions 200
[debug] [2023-08-18T15:17:28.866Z] <<< [apiv2][body] POST https://cloudresourcemanager.googleapis.com/v1/projects/electionprediction-2659c:testIamPermissions {"permissions":["firebase.projects.get","firebasehosting.sites.update"]}
[debug] [2023-08-18T15:17:28.867Z] >>> [apiv2][query] GET https://firebase.googleapis.com/v1beta1/projects/electionprediction-2659c [none]
[debug] [2023-08-18T15:17:29.124Z] <<< [apiv2][status] GET https://firebase.googleapis.com/v1beta1/projects/electionprediction-2659c 200
[debug] [2023-08-18T15:17:29.125Z] <<< [apiv2][body] GET https://firebase.googleapis.com/v1beta1/projects/electionprediction-2659c {"projectId":"electionprediction-2659c","projectNumber":"49152310939","displayName":"Election Prediction","name":"projects/electionprediction-2659c","resources":{"hostingSite":"electionprediction-2659c","storageBucket":"electionprediction-2659c.appspot.com","locationId":"us-central"},"state":"ACTIVE","etag":"1_a335d961-1e30-43bf-b8b2-12ad2a55ec04"}
[info] 
[info] === Deploying to 'electionprediction-2659c'...
[info] 
[info] i  deploying hosting 
[debug] [2023-08-18T15:17:29.130Z] >>> [apiv2][query] POST https://firebasehosting.googleapis.com/v1beta1/projects/-/sites/electionprediction-2659c/versions [none]
[debug] [2023-08-18T15:17:29.130Z] >>> [apiv2][body] POST https://firebasehosting.googleapis.com/v1beta1/projects/-/sites/electionprediction-2659c/versions {"status":"CREATED","labels":{"deployment-tool":"cli-firebase"}}
[debug] [2023-08-18T15:17:29.769Z] <<< [apiv2][status] POST https://firebasehosting.googleapis.com/v1beta1/projects/-/sites/electionprediction-2659c/versions 200
[debug] [2023-08-18T15:17:29.770Z] <<< [apiv2][body] POST https://firebasehosting.googleapis.com/v1beta1/projects/-/sites/electionprediction-2659c/versions {"name":"projects/49152310939/sites/electionprediction-2659c/versions/f39194fd46d7ba6b","status":"CREATED","config":{},"labels":{"deployment-tool":"cli-firebase"}}
[info] i  hosting[electionprediction-2659c]: beginning deploy... 
[info] i  hosting[electionprediction-2659c]: found 6 files in public 
[debug] [2023-08-18T15:17:29.776Z] [hosting] uploading with 200 concurrency
[debug] [2023-08-18T15:17:29.781Z] [hosting] hash cache [cHVibGlj] stored for 6 files
[debug] [2023-08-18T15:17:29.782Z] [hosting][hash queue][FINAL] {"max":2,"min":1,"avg":1,"active":0,"complete":6,"success":6,"errored":0,"retried":0,"total":6,"elapsed":4}
[debug] [2023-08-18T15:17:29.782Z] >>> [apiv2][query] POST https://firebasehosting.googleapis.com/v1beta1/projects/49152310939/sites/electionprediction-2659c/versions/f39194fd46d7ba6b:populateFiles [none]
[debug] [2023-08-18T15:17:29.783Z] >>> [apiv2][body] POST https://firebasehosting.googleapis.com/v1beta1/projects/49152310939/sites/electionprediction-2659c/versions/f39194fd46d7ba6b:populateFiles {"files":{"/404.html":"daa499dd96d8229e73235345702ba32f0793f0c8e5c0d30e40e37a5872be57aa","/CodeMergers-Banner.png":"84ae1717d3812143b08832d23aa4cc7488af5249306aff13d70abec06a9a5578","/CodeMergersLogo.ico":"730870b763b9f569c79ffc10fe5a07a96370bbc3ab33891b9bcaa2f23648ec4a","/index.html":"eafa5e17903ff095392b6b349d17198920bc7a0c34a3bc5de02aaf93f8482e87","/loader.gif":"2c3d77a6c1afe1a9b31f5768bc11b9d4069be89b946e9d6ecb05c727f0e5c48a","/styles.css":"edb83fe3113865a06f150316d667c86e5433682aad844a8a4d6822653607af89"}}
[debug] [2023-08-18T15:17:30.173Z] <<< [apiv2][status] POST https://firebasehosting.googleapis.com/v1beta1/projects/49152310939/sites/electionprediction-2659c/versions/f39194fd46d7ba6b:populateFiles 200
[debug] [2023-08-18T15:17:30.173Z] <<< [apiv2][body] POST https://firebasehosting.googleapis.com/v1beta1/projects/49152310939/sites/electionprediction-2659c/versions/f39194fd46d7ba6b:populateFiles {"uploadUrl":"https://upload-firebasehosting.googleapis.com/upload/sites/electionprediction-2659c/versions/f39194fd46d7ba6b/files"}
[debug] [2023-08-18T15:17:30.173Z] [hosting][populate queue][FINAL] {"max":393,"min":393,"avg":393,"active":0,"complete":1,"success":1,"errored":0,"retried":0,"total":1,"elapsed":393}
[debug] [2023-08-18T15:17:30.174Z] [hosting] uploads queued: 0
[debug] [2023-08-18T15:17:30.174Z] [hosting][upload queue][FINAL] {"max":0,"min":9999999999,"avg":0,"active":0,"complete":0,"success":0,"errored":0,"retried":0,"total":0,"elapsed":1692371850174}
[info] i  hosting: upload complete 
[info] +  hosting[electionprediction-2659c]: file upload complete 
[debug] [2023-08-18T15:17:30.175Z] [hosting] deploy completed after 403ms
[debug] [2023-08-18T15:17:30.175Z] [
  {
    "config": {
      "public": "public",
      "ignore": [
        "firebase.json",
        "**/.*",
        "**/node_modules/**"
      ],
      "site": "electionprediction-2659c"
    },
    "version": "projects/49152310939/sites/electionprediction-2659c/versions/f39194fd46d7ba6b"
  }
]
[info] i  hosting[electionprediction-2659c]: finalizing version... 
[debug] [2023-08-18T15:17:30.177Z] >>> [apiv2][query] PATCH https://firebasehosting.googleapis.com/v1beta1/projects/-/sites/electionprediction-2659c/versions/f39194fd46d7ba6b updateMask=status%2Cconfig
[debug] [2023-08-18T15:17:30.177Z] >>> [apiv2][body] PATCH https://firebasehosting.googleapis.com/v1beta1/projects/-/sites/electionprediction-2659c/versions/f39194fd46d7ba6b {"status":"FINALIZED","config":{}}
[debug] [2023-08-18T15:17:30.513Z] <<< [apiv2][status] PATCH https://firebasehosting.googleapis.com/v1beta1/projects/-/sites/electionprediction-2659c/versions/f39194fd46d7ba6b 200
[debug] [2023-08-18T15:17:30.513Z] <<< [apiv2][body] PATCH https://firebasehosting.googleapis.com/v1beta1/projects/-/sites/electionprediction-2659c/versions/f39194fd46d7ba6b {"name":"projects/49152310939/sites/electionprediction-2659c/versions/f39194fd46d7ba6b","status":"FINALIZED","config":{},"labels":{"deployment-tool":"cli-firebase"},"createTime":"2023-08-18T15:17:29.397121Z","createUser":{"email":"chriskohler2020@gmail.com"},"finalizeTime":"2023-08-18T15:17:30.451502Z","finalizeUser":{"email":"chriskohler2020@gmail.com"}}
[debug] [2023-08-18T15:17:30.514Z] [hosting] finalized version for electionprediction-2659c:[object Object]
[info] +  hosting[electionprediction-2659c]: version finalized 
[info] i  hosting[electionprediction-2659c]: releasing new version... 
[debug] [2023-08-18T15:17:30.514Z] >>> [apiv2][query] POST https://firebasehosting.googleapis.com/v1beta1/projects/-/sites/electionprediction-2659c/channels/live/releases versionName=projects%2F49152310939%2Fsites%2Felectionprediction-2659c%2Fversions%2Ff39194fd46d7ba6b
[debug] [2023-08-18T15:17:30.515Z] >>> [apiv2][body] POST https://firebasehosting.googleapis.com/v1beta1/projects/-/sites/electionprediction-2659c/channels/live/releases {}
[debug] [2023-08-18T15:17:30.936Z] <<< [apiv2][status] POST https://firebasehosting.googleapis.com/v1beta1/projects/-/sites/electionprediction-2659c/channels/live/releases 200
[debug] [2023-08-18T15:17:30.936Z] <<< [apiv2][body] POST https://firebasehosting.googleapis.com/v1beta1/projects/-/sites/electionprediction-2659c/channels/live/releases {"name":"projects/49152310939/sites/electionprediction-2659c/channels/live/releases/1692371850295000","version":{"name":"projects/49152310939/sites/electionprediction-2659c/versions/f39194fd46d7ba6b","status":"FINALIZED","config":{},"labels":{"deployment-tool":"cli-firebase"},"createTime":"2023-08-18T15:17:29.397121Z","createUser":{"email":"chriskohler2020@gmail.com","imageUrl":"https://lh3.googleusercontent.com/a/AAcHTtdQl_8CSK0qwSaJuXYtJQrKqOagD5bkTD6FZ0LaY_my9A"},"finalizeTime":"2023-08-18T15:17:30.451502Z","finalizeUser":{"email":"chriskohler2020@gmail.com","imageUrl":"https://lh3.googleusercontent.com/a/AAcHTtdQl_8CSK0qwSaJuXYtJQrKqOagD5bkTD6FZ0LaY_my9A"}},"type":"DEPLOY","releaseTime":"2023-08-18T15:17:30.295Z","releaseUser":{"email":"chriskohler2020@gmail.com","imageUrl":"https://lh3.googleusercontent.com/a/AAcHTtdQl_8CSK0qwSaJuXYtJQrKqOagD5bkTD6FZ0LaY_my9A"}}
[debug] [2023-08-18T15:17:30.937Z] [hosting] release: {"name":"projects/49152310939/sites/electionprediction-2659c/channels/live/releases/1692371850295000","version":{"name":"projects/49152310939/sites/electionprediction-2659c/versions/f39194fd46d7ba6b","status":"FINALIZED","config":{},"labels":{"deployment-tool":"cli-firebase"},"createTime":"2023-08-18T15:17:29.397121Z","createUser":{"email":"chriskohler2020@gmail.com","imageUrl":"https://lh3.googleusercontent.com/a/AAcHTtdQl_8CSK0qwSaJuXYtJQrKqOagD5bkTD6FZ0LaY_my9A"},"finalizeTime":"2023-08-18T15:17:30.451502Z","finalizeUser":{"email":"chriskohler2020@gmail.com","imageUrl":"https://lh3.googleusercontent.com/a/AAcHTtdQl_8CSK0qwSaJuXYtJQrKqOagD5bkTD6FZ0LaY_my9A"}},"type":"DEPLOY","releaseTime":"2023-08-18T15:17:30.295Z","releaseUser":{"email":"chriskohler2020@gmail.com","imageUrl":"https://lh3.googleusercontent.com/a/AAcHTtdQl_8CSK0qwSaJuXYtJQrKqOagD5bkTD6FZ0LaY_my9A"}}
[info] +  hosting[electionprediction-2659c]: release complete 
[info] 
[info] +  Deploy complete! 
[info] 
[info] Project Console: https://console.firebase.google.com/project/electionprediction-2659c/overview
[info] Hosting URL: https://electionprediction-2659c.web.app
